[LOG] System::create                           : Header version = 2.02.09. Current version = 2.02.09.
[LOG] Manager::init                            : maxchannels = 256 studioflags = 00000006 flags 00000000 extradriverdata 0x0.
[LOG] SystemI::init                            : Initialize version=20209 (128289), maxchannels=256, flags=0x00020000
[LOG] SystemI::setOutputInternal               : Setting output to 'FMOD Core Audio Output'
[LOG] OutputCoreAudio::init                    : Output running 2 channels at 48000Hz sample rate.
[LOG] OutputCoreAudio::init                    : Maximum hardware read size: 512 samples, Software buffer size: 512 samples, Number of software buffers: 4.
[LOG] Thread::initThread                       : Init FMOD stream thread. Affinity: 0x4000000000000003, Priority: 0xFFFF7FFB, Stack Size: 98304, Semaphore: No, Sleep Time: 10, Looping: Yes.
[LOG] Thread::initThread                       : Init FMOD mixer thread. Affinity: 0x4000000000000001, Priority: 0xFFFF7FFA, Stack Size: 81920, Semaphore: Yes, Sleep Time: 0, Looping: Yes.
[LOG] AsyncManager::init                       : manager 0x361777a08 isAsync 0 updatePeriod 0.02
[LOG] AsyncManager::init                       : done
[LOG] PlaybackSystem::init                     : 
[LOG] Thread::initThread                       : Init FMOD Studio sample load thread. Affinity: 0x4000000000000003, Priority: 0xFFFF7FFD, Stack Size: 98304, Semaphore: No, Sleep Time: 1, Looping: No.
[LOG] PlaybackSystem::init                     : done
[LOG] Thread::initThread                       : Init FMOD Studio bank load thread. Affinity: 0x4000000000000003, Priority: 0xFFFF7FFD, Stack Size: 98304, Semaphore: No, Sleep Time: 1, Looping: No.
[LOG] Manager::init                            : done.
[LOG] SystemI::createSound                     : filename = ../../../Downloads/dreamgamefmod-3/Build/Desktop/Characters.bank : mode 02010082
[LOG] SystemI::createSound                     : FMOD_NONBLOCKING specified.  Putting into queue to be opened asynchronously!
[LOG] SystemI::createSound                     : setdata soundi = 0x3099ef968 : node = 0x3099fb270
[LOG] SystemI::createSound                     : add node to async list : head = 0x2917dcef8.  list count = 0
[LOG] AsyncThread::threadFunc                  : Starting Asynchronous operation on sound 0x3099ef968
[LOG] SystemI::createSoundInternal             :     Create name='../../../Downloads/dreamgamefmod-3/Build/Desktop/Characters.bank', mode=0x02010082
[LOG] SystemI::createSoundInternal             :     exinfo->cbsize             = 224
[LOG] SystemI::createSoundInternal             :     exinfo->length             = 479264
[LOG] SystemI::createSoundInternal             :     exinfo->fileoffset         = 5312
[LOG] SystemI::createSoundInternal             :     exinfo->numsubsounds       = 1
[LOG] SystemI::createSoundInternal             :     exinfo->inclusionlist      = 0x3099fb380
[LOG] SystemI::createSoundInternal             :     exinfo->inclusionlistnum   = 1
[LOG] SystemI::createSoundInternal             :     exinfo->suggestedsoundtype = 5
[LOG] SystemI::createSoundInternal             :     exinfo->initialseekpostype = 1
[LOG] SystemI::createSoundInternal             :     Stream 0/1: name='radio piece', format=5, channels=2, frequency=48000, lengthbytes=383520, lengthpcm=1261824, pcmblocksize=0, loopstart=0, loopend=0, mode=0x00000000, channelmask=0x00000000, channelorder=0, peakvolume=0.255066.
[LOG] AsyncThread::threadFunc                  : Finished Asynchronous operation on sound 0x3099ef968
[LOG] SoundI::release                          : radio piece (0x3099ef968)
[LOG] SoundI::release                          :     radio piece (0x32ed78cd8)
[LOG] SoundI::release                          :     radio piece (0x32ed467b8)
[LOG] SystemI::createSound                     : filename = ../../../Downloads/dreamgamefmod-3/Build/Desktop/Characters.bank : mode 02010082
[LOG] SystemI::createSound                     : FMOD_NONBLOCKING specified.  Putting into queue to be opened asynchronously!
[LOG] SystemI::createSound                     : setdata soundi = 0x294229e98 : node = 0x29421e0c0
[LOG] SystemI::createSound                     : add node to async list : head = 0x2917dcef8.  list count = 0
[LOG] AsyncThread::threadFunc                  : Starting Asynchronous operation on sound 0x294229e98
[LOG] SystemI::createSoundInternal             :     Create name='../../../Downloads/dreamgamefmod-3/Build/Desktop/Characters.bank', mode=0x02010082
[LOG] SystemI::createSoundInternal             :     exinfo->cbsize             = 224
[LOG] SystemI::createSoundInternal             :     exinfo->length             = 479264
[LOG] SystemI::createSoundInternal             :     exinfo->fileoffset         = 5312
[LOG] SystemI::createSoundInternal             :     exinfo->numsubsounds       = 1
[LOG] SystemI::createSoundInternal             :     exinfo->inclusionlist      = 0x29421e1d0
[LOG] SystemI::createSoundInternal             :     exinfo->inclusionlistnum   = 1
[LOG] SystemI::createSoundInternal             :     exinfo->suggestedsoundtype = 5
[LOG] SystemI::createSoundInternal             :     exinfo->initialseekpostype = 1
[LOG] SystemI::createSoundInternal             :     Stream 0/1: name='radio piece', format=5, channels=2, frequency=48000, lengthbytes=383520, lengthpcm=1261824, pcmblocksize=0, loopstart=0, loopend=0, mode=0x00000000, channelmask=0x00000000, channelorder=0, peakvolume=0.255066.
[LOG] AsyncThread::threadFunc                  : Finished Asynchronous operation on sound 0x294229e98
[LOG] SoundI::release                          : DWCityMusic2LOOPABLE (0x17bb2b1b8)
[LOG] SoundI::release                          :     DWCityMusic2LOOPABLE (0x292ea5a38)
[LOG] SoundI::release                          :     DWCityMusic2LOOPABLE (0x178bc2038)
[LOG] SoundI::release                          : radio piece (0x294229e98)
[LOG] SoundI::release                          :     radio piece (0x292e23048)
[LOG] SoundI::release                          :     radio piece (0x292ee9828)
[LOG] SoundI::release                          :  (0x32f697718)
[LOG] SoundI::release                          :     NPC2HouseGuyAura (0x32f6098c8)
[LOG] SoundI::release                          :  (0x32f647668)
[LOG] SoundI::release                          :     NPC2HouseGuyBreath (0x32f6b6568)
[LOG] SoundI::release                          :  (0x32ee0eb88)
[LOG] SoundI::release                          :     walk_v1 (0x16b39e188)
[LOG] Thread::callback                         : FMOD Studio update thread finished.
[LOG] Thread::callback                         : FMOD Studio bank load thread finished.
[LOG] Profile::disconnectAll                   : Profiler disconnecting all clients
[LOG] Thread::callback                         : FMOD Studio sample load thread finished.
[LOG] LiveUpdate::release                      : 
[LOG] LiveUpdate::reset                        : Reset connection (reason Disconnected)
[LOG] Thread::callback                         : FMOD stream thread finished.
[LOG] Thread::callback                         : FMOD mixer thread finished.
[LOG] Profile::disconnectAll                   : Profiler disconnecting all clients
[LOG] SystemI::close                           : Closed.
[LOG] Thread::callback                         : FMOD Studio bank load thread finished.
[LOG] Thread::callback                         : FMOD Studio sample load thread finished.
[LOG] LiveUpdate::release                      : 
[LOG] LiveUpdate::reset                        : Reset connection (reason Disconnected)
[LOG] Thread::callback                         : FMOD stream thread finished.
[LOG] Thread::callback                         : FMOD mixer thread finished.
[LOG] SystemI::close                           : Closed.
[LOG] Thread::callback                         : FMOD nonblocking thread (0) finished.
[LOG] Thread::callback                         : FMOD file thread finished.
